App/build/outputs/apk/manifest-merger-release-report.txt
-- Merging decision tree log ---
manifest
ADDED from AndroidManifest.xml:2:1
	package
		ADDED from AndroidManifest.xml:4:5
	android:versionName
		ADDED from AndroidManifest.xml:6:5
	xmlns:tools
		ADDED from AndroidManifest.xml:3:2
	android:versionCode
		ADDED from AndroidManifest.xml:5:5
		INJECTED from AndroidManifest.xml:0:0
		INJECTED from AndroidManifest.xml:0:0
	xmlns:android
		ADDED from AndroidManifest.xml:2:11
uses-permission#android.permission.INTERNET
ADDED from AndroidManifest.xml:9:5
MERGED from com.github.cjbrooks12:AndroidBibleTools:v0.2.18:11:5
MERGED from com.github.cjbrooks12:AndroidBibleTools:v0.2.18:11:5
	android:name
		ADDED from AndroidManifest.xml:9:22
uses-permission#android.permission.ACCESS_NETWORK_STATE
ADDED from AndroidManifest.xml:10:5
	android:name
		ADDED from AndroidManifest.xml:10:22
uses-permission#android.permission.WRITE_EXTERNAL_STORAGE
ADDED from AndroidManifest.xml:11:5
	android:name
		ADDED from AndroidManifest.xml:11:22
uses-permission#android.permission.RECEIVE_BOOT_COMPLETED
ADDED from AndroidManifest.xml:12:5
	android:name
		ADDED from AndroidManifest.xml:12:22
application
ADDED from AndroidManifest.xml:14:5
MERGED from com.android.support:appcompat-v7:22.2.0:22:5
MERGED from com.android.support:support-v4:22.2.0:22:5
MERGED from com.android.support:cardview-v7:22.2.0:22:5
MERGED from com.android.support:support-v4:22.2.0:22:5
MERGED from com.github.nirhart:parallaxscroll:1.0:11:5
MERGED from scripturememory:common:unspecified:9:5
MERGED from com.android.support:appcompat-v7:22.2.0:22:5
MERGED from com.android.support:support-v4:22.2.0:22:5
	android:label
		ADDED from AndroidManifest.xml:18:9
	android:allowBackup
		ADDED from AndroidManifest.xml:16:9
	android:icon
		ADDED from AndroidManifest.xml:17:9
	android:theme
		ADDED from AndroidManifest.xml:19:9
	tools:replace
		ADDED from AndroidManifest.xml:15:3
receiver#com.caseybrooks.scripturememory.nowcards.main.MainBroadcasts$DismissVerseReceiver
ADDED from AndroidManifest.xml:22:9
	android:enabled
		ADDED from AndroidManifest.xml:24:13
	android:exported
		ADDED from AndroidManifest.xml:25:13
	android:name
		ADDED from AndroidManifest.xml:23:13
receiver#com.caseybrooks.scripturememory.nowcards.main.MainBroadcasts$PreviousVerseReceiver
ADDED from AndroidManifest.xml:26:3
	android:enabled
		ADDED from AndroidManifest.xml:28:4
	android:exported
		ADDED from AndroidManifest.xml:29:4
	android:name
		ADDED from AndroidManifest.xml:27:4
receiver#com.caseybrooks.scripturememory.nowcards.main.MainBroadcasts$NextVerseReceiver
ADDED from AndroidManifest.xml:30:9
	android:enabled
		ADDED from AndroidManifest.xml:32:13
	android:exported
		ADDED from AndroidManifest.xml:33:13
	android:name
		ADDED from AndroidManifest.xml:31:13
receiver#com.caseybrooks.scripturememory.nowcards.main.MainBroadcasts$RandomVerseReceiver
ADDED from AndroidManifest.xml:34:3
	android:enabled
		ADDED from AndroidManifest.xml:36:4
	android:exported
		ADDED from AndroidManifest.xml:37:4
	android:name
		ADDED from AndroidManifest.xml:35:4
receiver#com.caseybrooks.scripturememory.nowcards.main.MainBroadcasts$TextFullReceiver
ADDED from AndroidManifest.xml:38:3
	android:enabled
		ADDED from AndroidManifest.xml:40:4
	android:exported
		ADDED from AndroidManifest.xml:41:4
	android:name
		ADDED from AndroidManifest.xml:39:4
receiver#com.caseybrooks.scripturememory.nowcards.main.MainBroadcasts$MainBootReceiver
ADDED from AndroidManifest.xml:42:3
	android:enabled
		ADDED from AndroidManifest.xml:44:4
	android:exported
		ADDED from AndroidManifest.xml:45:4
	android:name
		ADDED from AndroidManifest.xml:43:4
intent-filter#android.intent.action.BOOT_COMPLETED
ADDED from AndroidManifest.xml:46:4
action#android.intent.action.BOOT_COMPLETED
ADDED from AndroidManifest.xml:47:5
	android:name
		ADDED from AndroidManifest.xml:47:13
receiver#com.caseybrooks.scripturememory.nowcards.main.MainWidget
ADDED from AndroidManifest.xml:50:9
	android:label
		ADDED from AndroidManifest.xml:52:13
	android:name
		ADDED from AndroidManifest.xml:51:13
intent-filter#android.appwidget.action.APPWIDGET_UPDATE
ADDED from AndroidManifest.xml:53:13
action#android.appwidget.action.APPWIDGET_UPDATE
ADDED from AndroidManifest.xml:54:17
	android:name
		ADDED from AndroidManifest.xml:54:25
meta-data#android.appwidget.provider
ADDED from AndroidManifest.xml:56:13
	android:resource
		ADDED from AndroidManifest.xml:58:17
	android:name
		ADDED from AndroidManifest.xml:57:17
receiver#com.caseybrooks.scripturememory.nowcards.votd.VOTDBroadcasts$VOTDAlarmReceiver
ADDED from AndroidManifest.xml:62:9
	android:enabled
		ADDED from AndroidManifest.xml:64:13
	android:exported
		ADDED from AndroidManifest.xml:65:13
	android:name
		ADDED from AndroidManifest.xml:63:13
receiver#com.caseybrooks.scripturememory.nowcards.votd.VOTDBroadcasts$VOTDSaveVerseReceiver
ADDED from AndroidManifest.xml:66:9
	android:enabled
		ADDED from AndroidManifest.xml:68:13
	android:exported
		ADDED from AndroidManifest.xml:69:13
	android:name
		ADDED from AndroidManifest.xml:67:13
receiver#com.caseybrooks.scripturememory.nowcards.votd.VOTDBroadcasts$VOTDNotificationDismissedReceiver
ADDED from AndroidManifest.xml:70:3
	android:enabled
		ADDED from AndroidManifest.xml:72:4
	android:exported
		ADDED from AndroidManifest.xml:73:4
	android:name
		ADDED from AndroidManifest.xml:71:4
receiver#com.caseybrooks.scripturememory.nowcards.votd.VOTDBroadcasts$VOTDBootReceiver
ADDED from AndroidManifest.xml:74:3
	android:enabled
		ADDED from AndroidManifest.xml:76:4
	android:exported
		ADDED from AndroidManifest.xml:77:4
	android:name
		ADDED from AndroidManifest.xml:75:4
receiver#com.caseybrooks.scripturememory.nowcards.votd.VOTDWidget
ADDED from AndroidManifest.xml:82:9
	android:label
		ADDED from AndroidManifest.xml:84:13
	android:name
		ADDED from AndroidManifest.xml:83:13
activity#com.caseybrooks.scripturememory.activities.MainActivity
ADDED from AndroidManifest.xml:94:9
	android:label
		ADDED from AndroidManifest.xml:97:13
	android:launchMode
		ADDED from AndroidManifest.xml:98:13
	android:windowSoftInputMode
		ADDED from AndroidManifest.xml:99:13
	android:configChanges
		ADDED from AndroidManifest.xml:96:13
	android:name
		ADDED from AndroidManifest.xml:95:13
intent-filter#android.intent.action.MAIN+android.intent.category.LAUNCHER
ADDED from AndroidManifest.xml:100:13
action#android.intent.action.MAIN
ADDED from AndroidManifest.xml:101:17
	android:name
		ADDED from AndroidManifest.xml:101:25
category#android.intent.category.LAUNCHER
ADDED from AndroidManifest.xml:103:17
	android:name
		ADDED from AndroidManifest.xml:103:27
intent-filter#android.intent.action.SEND+android.intent.category.DEFAULT
ADDED from AndroidManifest.xml:105:13
action#android.intent.action.SEND
ADDED from AndroidManifest.xml:106:17
	android:name
		ADDED from AndroidManifest.xml:106:25
category#android.intent.category.DEFAULT
ADDED from AndroidManifest.xml:107:17
	android:name
		ADDED from AndroidManifest.xml:107:27
data
ADDED from AndroidManifest.xml:108:17
	android:mimeType
		ADDED from AndroidManifest.xml:108:23
activity#com.caseybrooks.scripturememory.activities.DetailActivity
ADDED from AndroidManifest.xml:111:9
	android:label
		ADDED from AndroidManifest.xml:113:13
	android:parentActivityName
		ADDED from AndroidManifest.xml:114:13
	android:name
		ADDED from AndroidManifest.xml:112:13
meta-data#android.support.PARENT_ACTIVITY
ADDED from AndroidManifest.xml:115:13
	android:value
		ADDED from AndroidManifest.xml:117:17
	android:name
		ADDED from AndroidManifest.xml:116:17
uses-sdk
INJECTED from AndroidManifest.xml:0:0 reason: use-sdk injection requested
MERGED from com.android.support:appcompat-v7:22.2.0:20:5
MERGED from com.android.support:support-v4:22.2.0:20:5
MERGED from com.android.support:cardview-v7:22.2.0:20:5
MERGED from com.android.support:support-v4:22.2.0:20:5
MERGED from com.github.nirhart:parallaxscroll:1.0:7:5
MERGED from com.larswerkman:HoloColorPicker:1.4:3:5
MERGED from scripturememory:common:unspecified:5:5
MERGED from com.android.support:appcompat-v7:22.2.0:20:5
MERGED from com.android.support:support-v4:22.2.0:20:5
MERGED from com.github.cjbrooks12:AndroidBibleTools:v0.2.18:7:5
MERGED from com.github.cjbrooks12:AndroidBibleTools:v0.2.18:7:5
	android:targetSdkVersion
		INJECTED from AndroidManifest.xml:0:0
		INJECTED from AndroidManifest.xml:0:0
	android:minSdkVersion
		INJECTED from AndroidManifest.xml:0:0
		INJECTED from AndroidManifest.xml:0:0